time="2024-11-11T04:08:53Z" level=info msg="CLI version: 5.14.11\n"
time="2024-11-11T04:08:53Z" level=info msg="noobaa-image: noobaa/noobaa-core:master-20230710\n"
time="2024-11-11T04:08:53Z" level=info msg="operator-image: noobaa/noobaa-operator:5.14.11\n"
time="2024-11-11T04:08:53Z" level=info msg="Registering Components."
time="2024-11-11T04:08:54Z" level=info msg="CephCluster CR is detected in the cluster, adding a ceph cluster controller"
time="2024-11-11T04:08:54Z" level=info msg="OBC Provisioner - start.." provisioner=openshift-storage.noobaa.io/obc
time="2024-11-11T04:08:54Z" level=info msg="running noobaa provisioner openshift-storage.noobaa.io/obc" provisioner=openshift-storage.noobaa.io/obc
time="2024-11-11T04:08:54Z" level=info msg="Starting the Operator ..."
time="2024-11-11T04:08:54Z" level=info msg="Server running and listening in port: 8080" admission server=openshift-storage
I1111 04:08:54.285523       1 manager.go:120] objectbucket.io/provisioner-manager "msg"="starting provisioner" "name"="openshift-storage.noobaa.io/obc"
time="2024-11-11T04:08:54Z" level=info msg="Create event detected for gp2-csi (), queuing Reconcile"
time="2024-11-11T04:08:54Z" level=info msg="Create event detected for gp3-csi (), queuing Reconcile"
time="2024-11-11T04:08:54Z" level=info msg="Create event detected for ocs-provider-server-dockercfg-xjk8d (openshift-storage), queuing Reconcile"
time="2024-11-11T04:08:54Z" level=info msg="checking which namespaceStores to reconcile. mapping secret openshift-storage/ocs-provider-server-dockercfg-xjk8d to namespaceStores"
time="2024-11-11T04:08:54Z" level=info msg="Create event detected for rook-ceph-rgw-token-sj8pk (openshift-storage), queuing Reconcile"
time="2024-11-11T04:08:54Z" level=info msg="Create event detected for rook-csi-cephfs-provisioner-sa-dockercfg-9xm76 (openshift-storage), queuing Reconcile"
time="2024-11-11T04:08:54Z" level=info msg="will reconcile these namespaceStores: []"
time="2024-11-11T04:08:54Z" level=info msg="Create event detected for noobaa-token-nch5m (openshift-storage), queuing Reconcile"
time="2024-11-11T04:08:54Z" level=info msg="checking which namespaceStores to reconcile. mapping secret openshift-storage/noobaa-token-nch5m to namespaceStores"
time="2024-11-11T04:08:54Z" level=info msg="Create event detected for noobaa-endpoint-token-zz57l (openshift-storage), queuing Reconcile"
time="2024-11-11T04:08:54Z" level=info msg="will reconcile these namespaceStores: []"
time="2024-11-11T04:08:54Z" level=info msg="Create event detected for ocs-provider-server-token-bf4kg (openshift-storage), queuing Reconcile"
time="2024-11-11T04:08:54Z" level=info msg="checking which namespaceStores to reconcile. mapping secret openshift-storage/ocs-provider-server-token-bf4kg to namespaceStores"
time="2024-11-11T04:08:54Z" level=info msg="will reconcile these namespaceStores: []"
time="2024-11-11T04:08:54Z" level=info msg="Create event detected for odf-console-serving-cert (openshift-storage), queuing Reconcile"
time="2024-11-11T04:08:54Z" level=info msg="checking which namespaceStores to reconcile. mapping secret openshift-storage/odf-console-serving-cert to namespaceStores"
time="2024-11-11T04:08:54Z" level=info msg="Create event detected for rook-ceph-cmd-reporter-token-bcjxl (openshift-storage), queuing Reconcile"
time="2024-11-11T04:08:54Z" level=info msg="will reconcile these namespaceStores: []"
time="2024-11-11T04:08:54Z" level=info msg="Create event detected for rook-ceph-purge-osd-dockercfg-hvg58 (openshift-storage), queuing Reconcile"
time="2024-11-11T04:08:54Z" level=info msg="checking which namespaceStores to reconcile. mapping secret openshift-storage/rook-ceph-purge-osd-dockercfg-hvg58 to namespaceStores"
time="2024-11-11T04:08:54Z" level=info msg="Create event detected for rook-csi-nfs-plugin-sa-token-xvqkf (openshift-storage), queuing Reconcile"
time="2024-11-11T04:08:54Z" level=info msg="Create event detected for default-dockercfg-6gmv5 (openshift-storage), queuing Reconcile"
time="2024-11-11T04:08:54Z" level=info msg="will reconcile these namespaceStores: []"
time="2024-11-11T04:08:54Z" level=info msg="Create event detected for ux-backend-server-dockercfg-8mjd9 (openshift-storage), queuing Reconcile"
time="2024-11-11T04:08:54Z" level=info msg="checking which namespaceStores to reconcile. mapping secret openshift-storage/ux-backend-server-dockercfg-8mjd9 to namespaceStores"
time="2024-11-11T04:08:54Z" level=info msg="Create event detected for rook-ceph-mgr-token-dw7dt (openshift-storage), queuing Reconcile"
time="2024-11-11T04:08:54Z" level=info msg="will reconcile these namespaceStores: []"
time="2024-11-11T04:08:54Z" level=info msg="Create event detected for odf-operator-controller-manager-dockercfg-lcpfr (openshift-storage), queuing Reconcile"
time="2024-11-11T04:08:54Z" level=info msg="checking which namespaceStores to reconcile. mapping secret openshift-storage/odf-operator-controller-manager-dockercfg-lcpfr to namespaceStores"
time="2024-11-11T04:08:54Z" level=info msg="will reconcile these namespaceStores: []"
time="2024-11-11T04:08:54Z" level=info msg="Create event detected for odf-operator-controller-manager-token-xsn6d (openshift-storage), queuing Reconcile"
time="2024-11-11T04:08:54Z" level=info msg="checking which namespaceStores to reconcile. mapping secret openshift-storage/odf-operator-controller-manager-token-xsn6d to namespaceStores"
time="2024-11-11T04:08:54Z" level=info msg="Create event detected for rook-csi-cephfs-provisioner-sa-token-kcjcm (openshift-storage), queuing Reconcile"
time="2024-11-11T04:08:54Z" level=info msg="will reconcile these namespaceStores: []"
time="2024-11-11T04:08:54Z" level=info msg="Create event detected for rook-csi-rbd-plugin-sa-token-9gfgh (openshift-storage), queuing Reconcile"
time="2024-11-11T04:08:54Z" level=info msg="checking which namespaceStores to reconcile. mapping secret openshift-storage/rook-csi-rbd-plugin-sa-token-9gfgh to namespaceStores"
time="2024-11-11T04:08:54Z" level=info msg="Create event detected for csi-addons-controller-manager-dockercfg-p9k76 (openshift-storage), queuing Reconcile"
time="2024-11-11T04:08:54Z" level=info msg="Create event detected for rook-ceph-rgw-dockercfg-2sk5s (openshift-storage), queuing Reconcile"
time="2024-11-11T04:08:54Z" level=info msg="will reconcile these namespaceStores: []"
time="2024-11-11T04:08:54Z" level=info msg="Create event detected for rook-csi-nfs-provisioner-sa-token-lkzvb (openshift-storage), queuing Reconcile"
time="2024-11-11T04:08:54Z" level=info msg="checking which namespaceStores to reconcile. mapping secret openshift-storage/rook-csi-nfs-provisioner-sa-token-lkzvb to namespaceStores"
time="2024-11-11T04:08:54Z" level=info msg="Create event detected for deployer-token-5f8w7 (openshift-storage), queuing Reconcile"
time="2024-11-11T04:08:54Z" level=info msg="will reconcile these namespaceStores: []"
time="2024-11-11T04:08:54Z" level=info msg="Create event detected for noobaa-odf-ui-token-4pcbx (openshift-storage), queuing Reconcile"
time="2024-11-11T04:08:54Z" level=info msg="checking which namespaceStores to reconcile. mapping secret openshift-storage/noobaa-odf-ui-token-4pcbx to namespaceStores"
time="2024-11-11T04:08:54Z" level=info msg="will reconcile these namespaceStores: []"
time="2024-11-11T04:08:54Z" level=info msg="Create event detected for ocs-operator-token-kbzf9 (openshift-storage), queuing Reconcile"
time="2024-11-11T04:08:54Z" level=info msg="checking which namespaceStores to reconcile. mapping secret openshift-storage/ocs-operator-token-kbzf9 to namespaceStores"
time="2024-11-11T04:08:54Z" level=info msg="Create event detected for rook-ceph-system-dockercfg-wxzwz (openshift-storage), queuing Reconcile"
time="2024-11-11T04:08:54Z" level=info msg="Create event detected for deployer-dockercfg-f98gl (openshift-storage), queuing Reconcile"
time="2024-11-11T04:08:54Z" level=info msg="will reconcile these namespaceStores: []"
time="2024-11-11T04:08:54Z" level=info msg="Create event detected for onboarding-secret-generator-token-r8f7w (openshift-storage), queuing Reconcile"
time="2024-11-11T04:08:54Z" level=info msg="checking which namespaceStores to reconcile. mapping secret openshift-storage/onboarding-secret-generator-token-r8f7w to namespaceStores"
time="2024-11-11T04:08:54Z" level=info msg="Create event detected for ocs-provider-server-dockercfg-xjk8d (openshift-storage), queuing Reconcile"
time="2024-11-11T04:08:54Z" level=info msg="will reconcile these namespaceStores: []"
time="2024-11-11T04:08:54Z" level=info msg="Create event detected for ux-backend-server-token-q244j (openshift-storage), queuing Reconcile"
time="2024-11-11T04:08:54Z" level=info msg="checking which namespaceStores to reconcile. mapping secret openshift-storage/ux-backend-server-token-q244j to namespaceStores"
time="2024-11-11T04:08:54Z" level=info msg="Create event detected for odf-console-serving-cert (openshift-storage), queuing Reconcile"
time="2024-11-11T04:08:54Z" level=info msg="will reconcile these namespaceStores: []"
time="2024-11-11T04:08:54Z" level=info msg="Create event detected for ux-cert-secret (openshift-storage), queuing Reconcile"
time="2024-11-11T04:08:54Z" level=info msg="checking which namespaceStores to reconcile. mapping secret openshift-storage/ux-cert-secret to namespaceStores"
time="2024-11-11T04:08:54Z" level=info msg="Create event detected for rook-ceph-purge-osd-dockercfg-hvg58 (openshift-storage), queuing Reconcile"
time="2024-11-11T04:08:54Z" level=info msg="will reconcile these namespaceStores: []"
time="2024-11-11T04:08:54Z" level=info msg="Create event detected for onboarding-secret-generator-dockercfg-hq5sv (openshift-storage), queuing Reconcile"
time="2024-11-11T04:08:54Z" level=info msg="checking which namespaceStores to reconcile. mapping secret openshift-storage/onboarding-secret-generator-dockercfg-hq5sv to namespaceStores"
time="2024-11-11T04:08:54Z" level=info msg="Create event detected for ux-backend-server-dockercfg-8mjd9 (openshift-storage), queuing Reconcile"
time="2024-11-11T04:08:54Z" level=info msg="will reconcile these namespaceStores: []"
time="2024-11-11T04:08:54Z" level=info msg="Create event detected for rook-ceph-osd-dockercfg-9k5h5 (openshift-storage), queuing Reconcile"
time="2024-11-11T04:08:54Z" level=info msg="checking which namespaceStores to reconcile. mapping secret openshift-storage/rook-ceph-osd-dockercfg-9k5h5 to namespaceStores"
time="2024-11-11T04:08:54Z" level=info msg="Create event detected for noobaa-token-nch5m (openshift-storage), queuing Reconcile"
time="2024-11-11T04:08:54Z" level=info msg="will reconcile these namespaceStores: []"
time="2024-11-11T04:08:54Z" level=info msg="Create event detected for rook-csi-rbd-plugin-sa-dockercfg-g5mvh (openshift-storage), queuing Reconcile"
time="2024-11-11T04:08:54Z" level=info msg="checking which namespaceStores to reconcile. mapping secret openshift-storage/rook-csi-rbd-plugin-sa-dockercfg-g5mvh to namespaceStores"
time="2024-11-11T04:08:54Z" level=info msg="Create event detected for ocs-provider-server-token-bf4kg (openshift-storage), queuing Reconcile"
time="2024-11-11T04:08:54Z" level=info msg="will reconcile these namespaceStores: []"
time="2024-11-11T04:08:54Z" level=info msg="Create event detected for ocs-metrics-exporter-dockercfg-9czqp (openshift-storage), queuing Reconcile"
time="2024-11-11T04:08:54Z" level=info msg="checking which namespaceStores to reconcile. mapping secret openshift-storage/ocs-metrics-exporter-dockercfg-9czqp to namespaceStores"
time="2024-11-11T04:08:54Z" level=info msg="will reconcile these namespaceStores: []"
time="2024-11-11T04:08:54Z" level=info msg="Create event detected for rook-ceph-mgr-dockercfg-s7gtg (openshift-storage), queuing Reconcile"
time="2024-11-11T04:08:54Z" level=info msg="checking which namespaceStores to reconcile. mapping secret openshift-storage/rook-ceph-mgr-dockercfg-s7gtg to namespaceStores"
time="2024-11-11T04:08:54Z" level=info msg="Create event detected for rook-csi-rbd-plugin-sa-token-9gfgh (openshift-storage), queuing Reconcile"
time="2024-11-11T04:08:54Z" level=info msg="will reconcile these namespaceStores: []"
time="2024-11-11T04:08:54Z" level=info msg="Create event detected for rook-csi-rbd-provisioner-sa-dockercfg-zxwq7 (openshift-storage), queuing Reconcile"
time="2024-11-11T04:08:54Z" level=info msg="checking which namespaceStores to reconcile. mapping secret openshift-storage/rook-csi-rbd-provisioner-sa-dockercfg-zxwq7 to namespaceStores"
time="2024-11-11T04:08:54Z" level=info msg="Create event detected for odf-operator-controller-manager-dockercfg-lcpfr (openshift-storage), queuing Reconcile"
time="2024-11-11T04:08:54Z" level=info msg="will reconcile these namespaceStores: []"
time="2024-11-11T04:08:54Z" level=info msg="Create event detected for rook-csi-cephfs-plugin-sa-dockercfg-4kdg7 (openshift-storage), queuing Reconcile"
time="2024-11-11T04:08:54Z" level=info msg="checking which namespaceStores to reconcile. mapping secret openshift-storage/rook-csi-cephfs-plugin-sa-dockercfg-4kdg7 to namespaceStores"
time="2024-11-11T04:08:54Z" level=info msg="Create event detected for odf-operator-controller-manager-token-xsn6d (openshift-storage), queuing Reconcile"
time="2024-11-11T04:08:54Z" level=info msg="will reconcile these namespaceStores: []"
time="2024-11-11T04:08:54Z" level=info msg="Create event detected for rook-csi-nfs-plugin-sa-dockercfg-qr4n2 (openshift-storage), queuing Reconcile"
time="2024-11-11T04:08:54Z" level=info msg="checking which namespaceStores to reconcile. mapping secret openshift-storage/rook-csi-nfs-plugin-sa-dockercfg-qr4n2 to namespaceStores"
time="2024-11-11T04:08:54Z" level=info msg="Create event detected for rook-csi-nfs-provisioner-sa-token-lkzvb (openshift-storage), queuing Reconcile"
time="2024-11-11T04:08:54Z" level=info msg="will reconcile these namespaceStores: []"
time="2024-11-11T04:08:54Z" level=info msg="Create event detected for ux-backend-proxy (openshift-storage), queuing Reconcile"
time="2024-11-11T04:08:54Z" level=info msg="checking which namespaceStores to reconcile. mapping secret openshift-storage/ux-backend-proxy to namespaceStores"
time="2024-11-11T04:08:54Z" level=info msg="Create event detected for onboarding-secret-generator-token-r8f7w (openshift-storage), queuing Reconcile"
time="2024-11-11T04:08:54Z" level=info msg="will reconcile these namespaceStores: []"
time="2024-11-11T04:08:54Z" level=info msg="Create event detected for csi-addons-controller-manager-token-ww5dw (openshift-storage), queuing Reconcile"
time="2024-11-11T04:08:54Z" level=info msg="checking which namespaceStores to reconcile. mapping secret openshift-storage/csi-addons-controller-manager-token-ww5dw to namespaceStores"
time="2024-11-11T04:08:54Z" level=info msg="Create event detected for ux-backend-server-token-q244j (openshift-storage), queuing Reconcile"
time="2024-11-11T04:08:54Z" level=info msg="will reconcile these namespaceStores: []"
time="2024-11-11T04:08:54Z" level=info msg="Create event detected for noobaa-odf-ui-dockercfg-hzsxm (openshift-storage), queuing Reconcile"
time="2024-11-11T04:08:54Z" level=info msg="checking which namespaceStores to reconcile. mapping secret openshift-storage/noobaa-odf-ui-dockercfg-hzsxm to namespaceStores"
time="2024-11-11T04:08:54Z" level=info msg="Create event detected for ux-cert-secret (openshift-storage), queuing Reconcile"
time="2024-11-11T04:08:54Z" level=info msg="will reconcile these namespaceStores: []"
time="2024-11-11T04:08:54Z" level=info msg="Create event detected for ocs-metrics-exporter-token-zqlb4 (openshift-storage), queuing Reconcile"
time="2024-11-11T04:08:54Z" level=info msg="checking which namespaceStores to reconcile. mapping secret openshift-storage/ocs-metrics-exporter-token-zqlb4 to namespaceStores"
time="2024-11-11T04:08:54Z" level=info msg="Create event detected for noobaa-odf-ui-token-4pcbx (openshift-storage), queuing Reconcile"
time="2024-11-11T04:08:54Z" level=info msg="will reconcile these namespaceStores: []"
time="2024-11-11T04:08:54Z" level=info msg="Create event detected for ocs-operator-dockercfg-ssq7w (openshift-storage), queuing Reconcile"
time="2024-11-11T04:08:54Z" level=info msg="checking which namespaceStores to reconcile. mapping secret openshift-storage/ocs-operator-dockercfg-ssq7w to namespaceStores"
time="2024-11-11T04:08:54Z" level=info msg="Create event detected for ocs-operator-token-kbzf9 (openshift-storage), queuing Reconcile"
time="2024-11-11T04:08:54Z" level=info msg="will reconcile these namespaceStores: []"
time="2024-11-11T04:08:54Z" level=info msg="Create event detected for ocs-status-reporter-dockercfg-z759l (openshift-storage), queuing Reconcile"
time="2024-11-11T04:08:54Z" level=info msg="checking which namespaceStores to reconcile. mapping secret openshift-storage/ocs-status-reporter-dockercfg-z759l to namespaceStores"
time="2024-11-11T04:08:54Z" level=info msg="Create event detected for rook-csi-rbd-plugin-sa-dockercfg-g5mvh (openshift-storage), queuing Reconcile"
time="2024-11-11T04:08:54Z" level=info msg="will reconcile these namespaceStores: []"
time="2024-11-11T04:08:54Z" level=info msg="Create event detected for rook-ceph-system-token-9zrb4 (openshift-storage), queuing Reconcile"
time="2024-11-11T04:08:54Z" level=info msg="checking which namespaceStores to reconcile. mapping secret openshift-storage/rook-ceph-system-token-9zrb4 to namespaceStores"
time="2024-11-11T04:08:54Z" level=info msg="Create event detected for onboarding-secret-generator-dockercfg-hq5sv (openshift-storage), queuing Reconcile"
time="2024-11-11T04:08:54Z" level=info msg="will reconcile these namespaceStores: []"
time="2024-11-11T04:08:54Z" level=info msg="Create event detected for rook-csi-cephfs-plugin-sa-token-92wkw (openshift-storage), queuing Reconcile"
time="2024-11-11T04:08:54Z" level=info msg="checking which namespaceStores to reconcile. mapping secret openshift-storage/rook-csi-cephfs-plugin-sa-token-92wkw to namespaceStores"
time="2024-11-11T04:08:54Z" level=info msg="Create event detected for rook-ceph-osd-dockercfg-9k5h5 (openshift-storage), queuing Reconcile"
time="2024-11-11T04:08:54Z" level=info msg="will reconcile these namespaceStores: []"
time="2024-11-11T04:08:54Z" level=info msg="Create event detected for csi-addons-controller-manager-service-cert (openshift-storage), queuing Reconcile"
time="2024-11-11T04:08:54Z" level=info msg="checking which namespaceStores to reconcile. mapping secret openshift-storage/csi-addons-controller-manager-service-cert to namespaceStores"
time="2024-11-11T04:08:54Z" level=info msg="Create event detected for rook-csi-rbd-provisioner-sa-dockercfg-zxwq7 (openshift-storage), queuing Reconcile"
time="2024-11-11T04:08:54Z" level=info msg="will reconcile these namespaceStores: []"
time="2024-11-11T04:08:54Z" level=info msg="Create event detected for default-token-njb4w (openshift-storage), queuing Reconcile"
time="2024-11-11T04:08:54Z" level=info msg="checking which namespaceStores to reconcile. mapping secret openshift-storage/default-token-njb4w to namespaceStores"
time="2024-11-11T04:08:54Z" level=info msg="Create event detected for ocs-metrics-exporter-dockercfg-9czqp (openshift-storage), queuing Reconcile"
time="2024-11-11T04:08:54Z" level=info msg="Create event detected for rook-ceph-mgr-dockercfg-s7gtg (openshift-storage), queuing Reconcile"
time="2024-11-11T04:08:54Z" level=info msg="will reconcile these namespaceStores: []"
time="2024-11-11T04:08:54Z" level=info msg="Create event detected for noobaa-operator-service-cert (openshift-storage), queuing Reconcile"
time="2024-11-11T04:08:54Z" level=info msg="checking which namespaceStores to reconcile. mapping secret openshift-storage/noobaa-operator-service-cert to namespaceStores"
time="2024-11-11T04:08:54Z" level=info msg="will reconcile these namespaceStores: []"
time="2024-11-11T04:08:54Z" level=info msg="Create event detected for rook-ceph-osd-token-p9j9g (openshift-storage), queuing Reconcile"
time="2024-11-11T04:08:54Z" level=info msg="checking which namespaceStores to reconcile. mapping secret openshift-storage/rook-ceph-osd-token-p9j9g to namespaceStores"
time="2024-11-11T04:08:54Z" level=info msg="Create event detected for ocs-metrics-exporter-token-zqlb4 (openshift-storage), queuing Reconcile"
time="2024-11-11T04:08:54Z" level=info msg="will reconcile these namespaceStores: []"
time="2024-11-11T04:08:54Z" level=info msg="Create event detected for rook-ceph-purge-osd-token-24s7x (openshift-storage), queuing Reconcile"
time="2024-11-11T04:08:54Z" level=info msg="checking which namespaceStores to reconcile. mapping secret openshift-storage/rook-ceph-purge-osd-token-24s7x to namespaceStores"
time="2024-11-11T04:08:54Z" level=info msg="Create event detected for ocs-operator-dockercfg-ssq7w (openshift-storage), queuing Reconcile"
time="2024-11-11T04:08:55Z" level=info msg="Create event detected for ocs-status-reporter-dockercfg-z759l (openshift-storage), queuing Reconcile"
time="2024-11-11T04:08:55Z" level=info msg="will reconcile these namespaceStores: []"
time="2024-11-11T04:08:55Z" level=info msg="Create event detected for noobaa-dockercfg-vvjbn (openshift-storage), queuing Reconcile"
time="2024-11-11T04:08:55Z" level=info msg="checking which namespaceStores to reconcile. mapping secret openshift-storage/noobaa-dockercfg-vvjbn to namespaceStores"
time="2024-11-11T04:08:55Z" level=info msg="will reconcile these namespaceStores: []"
time="2024-11-11T04:08:55Z" level=info msg="Create event detected for ocs-status-reporter-token-ns986 (openshift-storage), queuing Reconcile"
time="2024-11-11T04:08:55Z" level=info msg="checking which namespaceStores to reconcile. mapping secret openshift-storage/ocs-status-reporter-token-ns986 to namespaceStores"
time="2024-11-11T04:08:55Z" level=info msg="Create event detected for rook-csi-cephfs-plugin-sa-dockercfg-4kdg7 (openshift-storage), queuing Reconcile"
time="2024-11-11T04:08:55Z" level=info msg="Create event detected for rook-csi-nfs-plugin-sa-dockercfg-qr4n2 (openshift-storage), queuing Reconcile"
time="2024-11-11T04:08:55Z" level=info msg="will reconcile these namespaceStores: []"
time="2024-11-11T04:08:55Z" level=info msg="Create event detected for rook-csi-rbd-provisioner-sa-token-fzbgs (openshift-storage), queuing Reconcile"
time="2024-11-11T04:08:55Z" level=info msg="checking which namespaceStores to reconcile. mapping secret openshift-storage/rook-csi-rbd-provisioner-sa-token-fzbgs to namespaceStores"
time="2024-11-11T04:08:55Z" level=info msg="Create event detected for ux-backend-proxy (openshift-storage), queuing Reconcile"
time="2024-11-11T04:08:55Z" level=info msg="will reconcile these namespaceStores: []"
time="2024-11-11T04:08:55Z" level=info msg="Create event detected for builder-dockercfg-fq6bw (openshift-storage), queuing Reconcile"
time="2024-11-11T04:08:55Z" level=info msg="checking which namespaceStores to reconcile. mapping secret openshift-storage/builder-dockercfg-fq6bw to namespaceStores"
time="2024-11-11T04:08:55Z" level=info msg="will reconcile these namespaceStores: []"
time="2024-11-11T04:08:55Z" level=info msg="Create event detected for builder-token-btzd9 (openshift-storage), queuing Reconcile"
time="2024-11-11T04:08:55Z" level=info msg="checking which namespaceStores to reconcile. mapping secret openshift-storage/builder-token-btzd9 to namespaceStores"
time="2024-11-11T04:08:55Z" level=info msg="Create event detected for csi-addons-controller-manager-token-ww5dw (openshift-storage), queuing Reconcile"
time="2024-11-11T04:08:55Z" level=info msg="will reconcile these namespaceStores: []"
time="2024-11-11T04:08:55Z" level=info msg="Create event detected for noobaa-endpoint-dockercfg-rtzhm (openshift-storage), queuing Reconcile"
time="2024-11-11T04:08:55Z" level=info msg="checking which namespaceStores to reconcile. mapping secret openshift-storage/noobaa-endpoint-dockercfg-rtzhm to namespaceStores"
time="2024-11-11T04:08:55Z" level=info msg="Create event detected for noobaa-odf-ui-dockercfg-hzsxm (openshift-storage), queuing Reconcile"
time="2024-11-11T04:08:55Z" level=info msg="Create event detected for noobaa-operator-service-cert (openshift-storage), queuing Reconcile"
time="2024-11-11T04:08:55Z" level=info msg="will reconcile these namespaceStores: []"
time="2024-11-11T04:08:55Z" level=info msg="Create event detected for rook-ceph-cmd-reporter-dockercfg-78c6b (openshift-storage), queuing Reconcile"
time="2024-11-11T04:08:55Z" level=info msg="checking which namespaceStores to reconcile. mapping secret openshift-storage/rook-ceph-cmd-reporter-dockercfg-78c6b to namespaceStores"
time="2024-11-11T04:08:55Z" level=info msg="will reconcile these namespaceStores: []"
time="2024-11-11T04:08:55Z" level=info msg="Create event detected for rook-csi-nfs-provisioner-sa-dockercfg-qq82w (openshift-storage), queuing Reconcile"
time="2024-11-11T04:08:55Z" level=info msg="checking which namespaceStores to reconcile. mapping secret openshift-storage/rook-csi-nfs-provisioner-sa-dockercfg-qq82w to namespaceStores"
time="2024-11-11T04:08:55Z" level=info msg="Create event detected for rook-ceph-osd-token-p9j9g (openshift-storage), queuing Reconcile"
time="2024-11-11T04:08:55Z" level=info msg="will reconcile these namespaceStores: []"
time="2024-11-11T04:08:55Z" level=info msg="Create event detected for noobaa-endpoint-token-zz57l (openshift-storage), queuing Reconcile"
time="2024-11-11T04:08:55Z" level=info msg="checking which namespaceStores to reconcile. mapping secret openshift-storage/noobaa-endpoint-token-zz57l to namespaceStores"
time="2024-11-11T04:08:55Z" level=info msg="Create event detected for rook-ceph-purge-osd-token-24s7x (openshift-storage), queuing Reconcile"
time="2024-11-11T04:08:55Z" level=info msg="will reconcile these namespaceStores: []"
time="2024-11-11T04:08:55Z" level=info msg="Create event detected for rook-ceph-cmd-reporter-token-bcjxl (openshift-storage), queuing Reconcile"
time="2024-11-11T04:08:55Z" level=info msg="checking which namespaceStores to reconcile. mapping secret openshift-storage/rook-ceph-cmd-reporter-token-bcjxl to namespaceStores"
time="2024-11-11T04:08:55Z" level=info msg="Create event detected for rook-ceph-system-token-9zrb4 (openshift-storage), queuing Reconcile"
time="2024-11-11T04:08:55Z" level=info msg="Create event detected for rook-csi-cephfs-plugin-sa-token-92wkw (openshift-storage), queuing Reconcile"
time="2024-11-11T04:08:55Z" level=info msg="will reconcile these namespaceStores: []"
time="2024-11-11T04:08:55Z" level=info msg="Create event detected for rook-ceph-rgw-token-sj8pk (openshift-storage), queuing Reconcile"
time="2024-11-11T04:08:55Z" level=info msg="checking which namespaceStores to reconcile. mapping secret openshift-storage/rook-ceph-rgw-token-sj8pk to namespaceStores"
time="2024-11-11T04:08:55Z" level=info msg="Create event detected for csi-addons-controller-manager-service-cert (openshift-storage), queuing Reconcile"
time="2024-11-11T04:08:55Z" level=info msg="will reconcile these namespaceStores: []"
time="2024-11-11T04:08:55Z" level=info msg="Create event detected for rook-csi-cephfs-provisioner-sa-dockercfg-9xm76 (openshift-storage), queuing Reconcile"
time="2024-11-11T04:08:55Z" level=info msg="checking which namespaceStores to reconcile. mapping secret openshift-storage/rook-csi-cephfs-provisioner-sa-dockercfg-9xm76 to namespaceStores"
time="2024-11-11T04:08:55Z" level=info msg="Create event detected for default-token-njb4w (openshift-storage), queuing Reconcile"
time="2024-11-11T04:08:55Z" level=info msg="will reconcile these namespaceStores: []"
time="2024-11-11T04:08:55Z" level=info msg="Create event detected for default-dockercfg-6gmv5 (openshift-storage), queuing Reconcile"
time="2024-11-11T04:08:55Z" level=info msg="checking which namespaceStores to reconcile. mapping secret openshift-storage/default-dockercfg-6gmv5 to namespaceStores"
time="2024-11-11T04:08:55Z" level=info msg="will reconcile these namespaceStores: []"
time="2024-11-11T04:08:55Z" level=info msg="Create event detected for rook-ceph-mgr-token-dw7dt (openshift-storage), queuing Reconcile"
time="2024-11-11T04:08:55Z" level=info msg="checking which namespaceStores to reconcile. mapping secret openshift-storage/rook-ceph-mgr-token-dw7dt to namespaceStores"
time="2024-11-11T04:08:55Z" level=info msg="Create event detected for rook-csi-rbd-provisioner-sa-token-fzbgs (openshift-storage), queuing Reconcile"
time="2024-11-11T04:08:55Z" level=info msg="Create event detected for noobaa-dockercfg-vvjbn (openshift-storage), queuing Reconcile"
time="2024-11-11T04:08:55Z" level=info msg="will reconcile these namespaceStores: []"
time="2024-11-11T04:08:55Z" level=info msg="Create event detected for rook-csi-nfs-plugin-sa-token-xvqkf (openshift-storage), queuing Reconcile"
time="2024-11-11T04:08:55Z" level=info msg="checking which namespaceStores to reconcile. mapping secret openshift-storage/rook-csi-nfs-plugin-sa-token-xvqkf to namespaceStores"
time="2024-11-11T04:08:55Z" level=info msg="Create event detected for ocs-status-reporter-token-ns986 (openshift-storage), queuing Reconcile"
time="2024-11-11T04:08:55Z" level=info msg="will reconcile these namespaceStores: []"
time="2024-11-11T04:08:55Z" level=info msg="Create event detected for csi-addons-controller-manager-dockercfg-p9k76 (openshift-storage), queuing Reconcile"
time="2024-11-11T04:08:55Z" level=info msg="checking which namespaceStores to reconcile. mapping secret openshift-storage/csi-addons-controller-manager-dockercfg-p9k76 to namespaceStores"
time="2024-11-11T04:08:55Z" level=info msg="will reconcile these namespaceStores: []"
time="2024-11-11T04:08:55Z" level=info msg="Create event detected for rook-ceph-rgw-dockercfg-2sk5s (openshift-storage), queuing Reconcile"
time="2024-11-11T04:08:55Z" level=info msg="checking which namespaceStores to reconcile. mapping secret openshift-storage/rook-ceph-rgw-dockercfg-2sk5s to namespaceStores"
time="2024-11-11T04:08:55Z" level=info msg="Create event detected for noobaa-endpoint-dockercfg-rtzhm (openshift-storage), queuing Reconcile"
time="2024-11-11T04:08:55Z" level=info msg="will reconcile these namespaceStores: []"
time="2024-11-11T04:08:55Z" level=info msg="Create event detected for rook-csi-cephfs-provisioner-sa-token-kcjcm (openshift-storage), queuing Reconcile"
time="2024-11-11T04:08:55Z" level=info msg="checking which namespaceStores to reconcile. mapping secret openshift-storage/rook-csi-cephfs-provisioner-sa-token-kcjcm to namespaceStores"
time="2024-11-11T04:08:55Z" level=info msg="Create event detected for rook-ceph-cmd-reporter-dockercfg-78c6b (openshift-storage), queuing Reconcile"
time="2024-11-11T04:08:55Z" level=info msg="Create event detected for rook-csi-nfs-provisioner-sa-dockercfg-qq82w (openshift-storage), queuing Reconcile"
time="2024-11-11T04:08:55Z" level=info msg="will reconcile these namespaceStores: []"
time="2024-11-11T04:08:55Z" level=info msg="Create event detected for deployer-token-5f8w7 (openshift-storage), queuing Reconcile"
time="2024-11-11T04:08:55Z" level=info msg="checking which namespaceStores to reconcile. mapping secret openshift-storage/deployer-token-5f8w7 to namespaceStores"
time="2024-11-11T04:08:55Z" level=info msg="Create event detected for builder-dockercfg-fq6bw (openshift-storage), queuing Reconcile"
time="2024-11-11T04:08:55Z" level=info msg="will reconcile these namespaceStores: []"
time="2024-11-11T04:08:55Z" level=info msg="Create event detected for rook-ceph-system-dockercfg-wxzwz (openshift-storage), queuing Reconcile"
time="2024-11-11T04:08:55Z" level=info msg="checking which namespaceStores to reconcile. mapping secret openshift-storage/rook-ceph-system-dockercfg-wxzwz to namespaceStores"
time="2024-11-11T04:08:56Z" level=info msg="will reconcile these namespaceStores: []"
time="2024-11-11T04:08:56Z" level=info msg="Create event detected for deployer-dockercfg-f98gl (openshift-storage), queuing Reconcile"
time="2024-11-11T04:08:56Z" level=info msg="checking which namespaceStores to reconcile. mapping secret openshift-storage/deployer-dockercfg-f98gl to namespaceStores"
time="2024-11-11T04:08:56Z" level=info msg="Create event detected for builder-token-btzd9 (openshift-storage), queuing Reconcile"
time="2024-11-11T04:08:56Z" level=info msg="will reconcile these namespaceStores: []"
[controller-runtime] log.SetLogger(...) was never called, logs will not be displayed:
goroutine 682 [running]:
runtime/debug.Stack()
	/usr/lib/golang/src/runtime/debug/stack.go:24 +0x65
sigs.k8s.io/controller-runtime/pkg/log.eventuallyFulfillRoot()
	/remote-source/deps/gomod/pkg/mod/sigs.k8s.io/controller-runtime@v0.15.2/pkg/log/log.go:59 +0xbd
sigs.k8s.io/controller-runtime/pkg/log.(*delegatingLogSink).WithValues(0xc000cda440, {0xc0009ca6c0, 0x6, 0x6})
	/remote-source/deps/gomod/pkg/mod/sigs.k8s.io/controller-runtime@v0.15.2/pkg/log/deleg.go:168 +0x54
github.com/go-logr/logr.Logger.WithValues(...)
	/remote-source/deps/gomod/pkg/mod/github.com/go-logr/logr@v1.2.4/logr.go:323
sigs.k8s.io/controller-runtime/pkg/controller.NewUnmanaged.func1(0xc001053360)
	/remote-source/deps/gomod/pkg/mod/sigs.k8s.io/controller-runtime@v0.15.2/pkg/controller/controller.go:121 +0x1f6
sigs.k8s.io/controller-runtime/pkg/internal/controller.(*Controller).reconcileHandler(0xc0003d60a0, {0x2cc7d88, 0xc0002daa50}, {0x2436ee0?, 0xc001053340?})
	/remote-source/deps/gomod/pkg/mod/sigs.k8s.io/controller-runtime@v0.15.2/pkg/internal/controller/controller.go:305 +0x18b
sigs.k8s.io/controller-runtime/pkg/internal/controller.(*Controller).processNextWorkItem(0xc0003d60a0, {0x2cc7d88, 0xc0002daa50})
	/remote-source/deps/gomod/pkg/mod/sigs.k8s.io/controller-runtime@v0.15.2/pkg/internal/controller/controller.go:265 +0x1d9
sigs.k8s.io/controller-runtime/pkg/internal/controller.(*Controller).Start.func2.2()
	/remote-source/deps/gomod/pkg/mod/sigs.k8s.io/controller-runtime@v0.15.2/pkg/internal/controller/controller.go:226 +0x85
created by sigs.k8s.io/controller-runtime/pkg/internal/controller.(*Controller).Start.func2
	/remote-source/deps/gomod/pkg/mod/sigs.k8s.io/controller-runtime@v0.15.2/pkg/internal/controller/controller.go:222 +0x587
time="2024-11-11T04:09:28Z" level=warning msg="❌ node ip-10-0-92-49.ec2.internal became NotReady" high-availability-controller=ip-10-0-92-49.ec2.internal
